  Source.cpp
D:\c++uni\алгоритми і структури даних\sparse_matrix\Source.cpp(208,21): warning C4018: '<': signed/unsigned mismatch
D:\c++uni\алгоритми і структури даних\sparse_matrix\Source.cpp(197): message : while compiling class template member function 'void SparseMatrix<double>::add_element(size_t,size_t,T)'
          with
          [
              T=double
          ]
D:\c++uni\алгоритми і структури даних\sparse_matrix\Source.cpp(418): message : see reference to function template instantiation 'void SparseMatrix<double>::add_element(size_t,size_t,T)' being compiled
          with
          [
              T=double
          ]
D:\c++uni\алгоритми і структури даних\sparse_matrix\Source.cpp(411): message : see reference to class template instantiation 'SparseMatrix<double>' being compiled
D:\c++uni\алгоритми і структури даних\sparse_matrix\Source.cpp(110,22): warning C4018: '<': signed/unsigned mismatch
D:\c++uni\алгоритми і структури даних\sparse_matrix\Source.cpp(107): message : while compiling class template member function 'void SparseMatrix<double>::show_sparse_matrix(std::ostream &)'
D:\c++uni\алгоритми і структури даних\sparse_matrix\Source.cpp(429): message : see reference to function template instantiation 'void SparseMatrix<double>::show_sparse_matrix(std::ostream &)' being compiled
D:\c++uni\алгоритми і структури даних\sparse_matrix\Source.cpp(111,23): warning C4018: '<': signed/unsigned mismatch
D:\c++uni\алгоритми і структури даних\sparse_matrix\Source.cpp(119,21): warning C4018: '<': signed/unsigned mismatch
D:\c++uni\алгоритми і структури даних\sparse_matrix\Source.cpp(120,22): warning C4018: '<': signed/unsigned mismatch
D:\c++uni\алгоритми і структури даних\sparse_matrix\Source.cpp(123,10): warning C4018: '<': signed/unsigned mismatch
D:\c++uni\алгоритми і структури даних\sparse_matrix\Source.cpp(97,21): warning C4018: '<': signed/unsigned mismatch
D:\c++uni\алгоритми і структури даних\sparse_matrix\Source.cpp(93): message : while compiling class template member function 'std::istream &operator >>(std::istream &,SparseMatrix<double> &)'
D:\c++uni\алгоритми і структури даних\sparse_matrix\Source.cpp(412): message : see reference to function template instantiation 'std::istream &operator >>(std::istream &,SparseMatrix<double> &)' being compiled
D:\c++uni\алгоритми і структури даних\sparse_matrix\Source.cpp(98,22): warning C4018: '<': signed/unsigned mismatch
D:\c++uni\алгоритми і структури даних\sparse_matrix\Source.cpp(71,22): warning C4018: '<': signed/unsigned mismatch
D:\c++uni\алгоритми і структури даних\sparse_matrix\Source.cpp(68): message : while compiling class template member function 'std::ostream &operator <<(std::ostream &,SparseMatrix<double>)'
D:\c++uni\алгоритми і структури даних\sparse_matrix\Source.cpp(413): message : see reference to function template instantiation 'std::ostream &operator <<(std::ostream &,SparseMatrix<double>)' being compiled
D:\c++uni\алгоритми і структури даних\sparse_matrix\Source.cpp(72,23): warning C4018: '<': signed/unsigned mismatch
D:\c++uni\алгоритми і структури даних\sparse_matrix\Source.cpp(80,21): warning C4018: '<': signed/unsigned mismatch
D:\c++uni\алгоритми і структури даних\sparse_matrix\Source.cpp(81,22): warning C4018: '<': signed/unsigned mismatch
D:\c++uni\алгоритми і структури даних\sparse_matrix\Source.cpp(84,12): warning C4018: '<': signed/unsigned mismatch
D:\c++uni\алгоритми і структури даних\sparse_matrix\Source.cpp(38,21): warning C4018: '<': signed/unsigned mismatch
D:\c++uni\алгоритми і структури даних\sparse_matrix\Source.cpp(24): message : while compiling class template member function 'SparseMatrix<double>::SparseMatrix(const SparseMatrix<double> &)'
D:\c++uni\алгоритми і структури даних\sparse_matrix\Source.cpp(413): message : see reference to function template instantiation 'SparseMatrix<double>::SparseMatrix(const SparseMatrix<double> &)' being compiled
D:\c++uni\алгоритми і структури даних\sparse_matrix\Source.cpp(271,20): warning C4018: '<': signed/unsigned mismatch
D:\c++uni\алгоритми і структури даних\sparse_matrix\Source.cpp(259): message : while compiling class template member function 'SparseMatrix<int> SparseMatrix<int>::operator *(const SparseMatrix<int> &)'
D:\c++uni\алгоритми і структури даних\sparse_matrix\Source.cpp(394): message : see reference to function template instantiation 'SparseMatrix<int> SparseMatrix<int>::operator *(const SparseMatrix<int> &)' being compiled
D:\c++uni\алгоритми і структури даних\sparse_matrix\Source.cpp(353): message : see reference to class template instantiation 'SparseMatrix<int>' being compiled
D:\c++uni\алгоритми і структури даних\sparse_matrix\Source.cpp(276,23): warning C4018: '<': signed/unsigned mismatch
D:\c++uni\алгоритми і структури даних\sparse_matrix\Source.cpp(290,21): warning C4018: '<': signed/unsigned mismatch
D:\c++uni\алгоритми і структури даних\sparse_matrix\Source.cpp(236,21): warning C4018: '<': signed/unsigned mismatch
D:\c++uni\алгоритми і структури даних\sparse_matrix\Source.cpp(227): message : while compiling class template member function 'void SparseMatrix<int>::remove_element(size_t,size_t)'
D:\c++uni\алгоритми і структури даних\sparse_matrix\Source.cpp(378): message : see reference to function template instantiation 'void SparseMatrix<int>::remove_element(size_t,size_t)' being compiled
D:\c++uni\алгоритми і структури даних\sparse_matrix\Source.cpp(251,25): warning C4018: '<': signed/unsigned mismatch
D:\c++uni\алгоритми і структури даних\sparse_matrix\Source.cpp(135,21): warning C4018: '<': signed/unsigned mismatch
D:\c++uni\алгоритми і структури даних\sparse_matrix\Source.cpp(132): message : while compiling class template member function 'T SparseMatrix<T>::get(size_t,size_t) const'
          with
          [
              T=int
          ]
D:\c++uni\алгоритми і структури даних\sparse_matrix\Source.cpp(356): message : see reference to function template instantiation 'T SparseMatrix<T>::get(size_t,size_t) const' being compiled
          with
          [
              T=int
          ]
D:\c++uni\алгоритми і структури даних\sparse_matrix\Source.cpp(60,21): warning C4018: '<': signed/unsigned mismatch
D:\c++uni\алгоритми і структури даних\sparse_matrix\Source.cpp(46): message : while compiling class template member function 'SparseMatrix<int> &SparseMatrix<int>::operator =(const SparseMatrix<int> &)'
D:\c++uni\алгоритми і структури даних\sparse_matrix\Source.cpp(394): message : see reference to function template instantiation 'SparseMatrix<int> &SparseMatrix<int>::operator =(const SparseMatrix<int> &)' being compiled
D:\c++uni\алгоритми і структури даних\sparse_matrix\Source.cpp(149,21): warning C4018: '<': signed/unsigned mismatch
D:\c++uni\алгоритми і структури даних\sparse_matrix\Source.cpp(147): message : while compiling class template member function 'void SparseMatrix<double>::sort_sparse_matrix(void)'
D:\c++uni\алгоритми і структури даних\sparse_matrix\Source.cpp(118): message : see reference to function template instantiation 'void SparseMatrix<double>::sort_sparse_matrix(void)' being compiled
D:\c++uni\алгоритми і структури даних\sparse_matrix\Source.cpp(150,22): warning C4018: '<': signed/unsigned mismatch
D:\c++uni\алгоритми і структури даних\sparse_matrix\Source.cpp(158,21): warning C4018: '<': signed/unsigned mismatch
D:\c++uni\алгоритми і структури даних\sparse_matrix\Source.cpp(159,22): warning C4018: '<': signed/unsigned mismatch
  sparse_matrix.vcxproj -> D:\c++uni\алгоритми і структури даних\sparse_matrix\Debug\sparse_matrix.exe
